[15:39:44] [main/INFO] (FabricLoader/GameProvider) Loading Minecraft 1.21.10 with Fabric Loader 0.17.2
[15:39:44] [main/INFO] (FabricLoader) Loading 51 mods:
	- fabric-api 0.134.1+1.21.10
	- fabric-api-base 1.0.0+14b92d8968
	- fabric-api-lookup-api-v1 1.6.106+d176821568
	- fabric-biome-api-v1 16.1.0+c2417d4f68
	- fabric-block-api-v1 1.1.5+d176821568
	- fabric-block-view-api-v2 1.0.34+e4fd1b9268
	- fabric-client-gametest-api-v1 4.2.13+14b92d8968
	- fabric-command-api-v2 2.3.7+328a75ba68
	- fabric-content-registries-v0 10.2.3+b6a2426468
	- fabric-convention-tags-v1 2.1.47+7f945d5b68
	- fabric-convention-tags-v2 2.15.12+3154c1c868
	- fabric-crash-report-info-v1 0.3.18+33df5e6e68
	- fabric-data-attachment-api-v1 1.8.28+9bce411b68
	- fabric-data-generation-api-v1 23.2.22+d8b85ef168
	- fabric-dimensions-v1 4.0.22+38b9cc1968
	- fabric-entity-events-v1 2.1.12+14b92d8968
	- fabric-events-interaction-v0 4.0.35+5ba2171268
	- fabric-game-rule-api-v1 1.1.1+e47eaae568
	- fabric-gametest-api-v1 3.1.18+33df5e6e68
	- fabric-item-api-v1 11.5.8+9bce411b68
	- fabric-item-group-api-v1 4.2.24+86b3ae5768
	- fabric-key-binding-api-v1 1.1.1+b3ba9c4868
	- fabric-lifecycle-events-v1 2.6.9+33df5e6e68
	- fabric-loot-api-v2 3.0.64+3f89f5a568
	- fabric-loot-api-v3 2.0.11+d176821568
	- fabric-message-api-v1 6.1.7+3154c1c868
	- fabric-model-loading-api-v1 6.0.0+3ffd6ef068
	- fabric-networking-api-v1 5.0.13+d269470c68
	- fabric-object-builder-api-v1 21.1.24+9bce411b68
	- fabric-particles-v1 4.2.2+a0ee59a468
	- fabric-recipe-api-v1 8.1.26+d176821568
	- fabric-registry-sync-v0 6.1.41+679c8c5c68
	- fabric-renderer-api-v1 7.1.1+328a75ba68
	- fabric-renderer-indigo 4.0.19+328a75ba68
	- fabric-rendering-fluids-v1 3.1.38+86b3ae5768
	- fabric-rendering-v1 16.0.1+328a75ba68
	- fabric-resource-conditions-api-v1 5.0.28+33df5e6e68
	- fabric-resource-loader-v0 3.2.2+3388a3b268
	- fabric-resource-loader-v1 1.0.2+225bca4068
	- fabric-screen-api-v1 3.1.0+9c82a79868
	- fabric-screen-handler-api-v1 1.3.150+d176821568
	- fabric-serialization-api-v1 1.0.0+d857c97668
	- fabric-sound-api-v1 1.0.45+328a75ba68
	- fabric-tag-api-v1 1.2.10+2fa446b268
	- fabric-transfer-api-v1 6.0.15+79ec2c1268
	- fabric-transitive-access-wideners-v1 6.5.3+41eb434368
	- fabricloader 0.17.2
	- java 21
	- minecraft 1.21.10
	- mixinextras 0.5.0
	- thirdpersonnametags 1.4.2
[15:39:44] [main/INFO] (FabricLoader/Mixin) SpongePowered MIXIN Subsystem Version=0.8.7 Source=file:/C:/Users/Nathan/.gradle/caches/modules-2/files-2.1/net.fabricmc/sponge-mixin/0.16.3+mixin.0.8.7/3e535042688d1265447e52ad86950b7d9678a5fa/sponge-mixin-0.16.3+mixin.0.8.7.jar Service=Knot/Fabric Env=CLIENT
[15:39:45] [main/INFO] (FabricLoader/Mixin) Loaded Fabric development mappings for mixin remapper!
[15:39:45] [main/INFO] (FabricLoader/Mixin) Compatibility level set to JAVA_21
[15:39:46] [main/INFO] (FabricLoader/MixinExtras|Service) Initializing MixinExtras via com.llamalad7.mixinextras.service.MixinExtrasServiceImpl(version=0.5.0).
[15:39:47] [Datafixer Bootstrap/INFO] (Minecraft) 278 Datafixer optimizations took 511 milliseconds
[15:39:53] [Render thread/INFO] (Minecraft) Environment: Environment[sessionHost=https://sessionserver.mojang.com, servicesHost=https://api.minecraftservices.com, profilesHost=https://api.mojang.com, name=PROD]
[15:39:53] [Render thread/INFO] (Minecraft) Setting user: Player727
[15:39:53] [Render thread/INFO] (Indigo) [Indigo] Registering Indigo renderer!
[15:39:54] [Download-2/ERROR] (Minecraft) Failed to fetch user properties
com.mojang.authlib.exceptions.InvalidCredentialsException: Status: 401
	at knot/com.mojang.authlib.exceptions.MinecraftClientHttpException.toAuthenticationException(MinecraftClientHttpException.java:59) ~[authlib-7.0.61.jar:?]
	at knot/com.mojang.authlib.yggdrasil.YggdrasilUserApiService.fetchProperties(YggdrasilUserApiService.java:150) ~[authlib-7.0.61.jar:?]
	at knot/net.minecraft.client.MinecraftClient.method_55608(MinecraftClient.java:465) ~[minecraft-merged-42d054c137-1.21.10-net.fabricmc.yarn.1_21_10.1.21.10+build.1-v2.jar:?]
	at java.base/java.util.concurrent.CompletableFuture$AsyncSupply.run(CompletableFuture.java:1768) ~[?:?]
	at java.base/java.util.concurrent.ThreadPoolExecutor.runWorker(ThreadPoolExecutor.java:1144) ~[?:?]
	at java.base/java.util.concurrent.ThreadPoolExecutor$Worker.run(ThreadPoolExecutor.java:642) ~[?:?]
	at java.base/java.lang.Thread.run(Thread.java:1583) [?:?]
Caused by: com.mojang.authlib.exceptions.MinecraftClientHttpException: Status: 401
	at knot/com.mojang.authlib.minecraft.client.MinecraftClient.readInputStream(MinecraftClient.java:103) ~[authlib-7.0.61.jar:?]
	at knot/com.mojang.authlib.minecraft.client.MinecraftClient.get(MinecraftClient.java:56) ~[authlib-7.0.61.jar:?]
	at knot/com.mojang.authlib.yggdrasil.YggdrasilUserApiService.fetchProperties(YggdrasilUserApiService.java:121) ~[authlib-7.0.61.jar:?]
	... 5 more
[15:39:54] [Render thread/INFO] (Minecraft) Backend library: LWJGL version 3.3.3-snapshot
[15:39:55] [Render thread/INFO] (Minecraft) Using optional rendering extensions: GL_ARB_buffer_storage, GL_KHR_debug, GL_ARB_vertex_attrib_binding, GL_ARB_direct_state_access
[15:39:56] [Render thread/INFO] (Minecraft) Reloading ResourceManager: vanilla, fabric, fabric-api, fabric-api-base, fabric-api-lookup-api-v1, fabric-biome-api-v1, fabric-block-api-v1, fabric-block-view-api-v2, fabric-client-gametest-api-v1, fabric-command-api-v2, fabric-content-registries-v0, fabric-convention-tags-v1, fabric-convention-tags-v2, fabric-crash-report-info-v1, fabric-data-attachment-api-v1, fabric-data-generation-api-v1, fabric-dimensions-v1, fabric-entity-events-v1, fabric-events-interaction-v0, fabric-game-rule-api-v1, fabric-gametest-api-v1, fabric-item-api-v1, fabric-item-group-api-v1, fabric-key-binding-api-v1, fabric-lifecycle-events-v1, fabric-loot-api-v2, fabric-loot-api-v3, fabric-message-api-v1, fabric-model-loading-api-v1, fabric-networking-api-v1, fabric-object-builder-api-v1, fabric-particles-v1, fabric-recipe-api-v1, fabric-registry-sync-v0, fabric-renderer-api-v1, fabric-renderer-indigo, fabric-rendering-fluids-v1, fabric-rendering-v1, fabric-resource-conditions-api-v1, fabric-resource-loader-v0, fabric-resource-loader-v1, fabric-screen-api-v1, fabric-screen-handler-api-v1, fabric-serialization-api-v1, fabric-sound-api-v1, fabric-tag-api-v1, fabric-transfer-api-v1, fabric-transitive-access-wideners-v1, fabricloader
[15:39:56] [Worker-Main-2/INFO] (Minecraft) Found unifont_pua-16.0.03.hex, loading
[15:39:56] [Worker-Main-9/INFO] (Minecraft) Found unifont_all_no_pua-16.0.03.hex, loading
[15:39:56] [Worker-Main-11/INFO] (Minecraft) Found unifont_jp_patch-16.0.03.hex, loading
[15:39:56] [Download-2/INFO] (Minecraft) Could not authorize you against Realms server: java.lang.RuntimeException: Failed to parse into SignedJWT: FabricMC
[15:39:56] [Download-2/ERROR] (Minecraft) Failed to fetch Realms feature flags
net.minecraft.client.realms.exception.RealmsServiceException: Realms authentication error with message 'java.lang.RuntimeException: Failed to parse into SignedJWT: FabricMC'
	at knot/net.minecraft.client.realms.RealmsClient.execute(RealmsClient.java:536) ~[minecraft-merged-42d054c137-1.21.10-net.fabricmc.yarn.1_21_10.1.21.10+build.1-v2.jar:?]
	at knot/net.minecraft.client.realms.RealmsClient.fetchFeatureFlags(RealmsClient.java:189) ~[minecraft-merged-42d054c137-1.21.10-net.fabricmc.yarn.1_21_10.1.21.10+build.1-v2.jar:?]
	at java.base/java.util.concurrent.CompletableFuture$AsyncSupply.run(CompletableFuture.java:1768) ~[?:?]
	at java.base/java.util.concurrent.ThreadPoolExecutor.runWorker(ThreadPoolExecutor.java:1144) ~[?:?]
	at java.base/java.util.concurrent.ThreadPoolExecutor$Worker.run(ThreadPoolExecutor.java:642) ~[?:?]
	at java.base/java.lang.Thread.run(Thread.java:1583) [?:?]
[15:39:57] [Render thread/INFO] (Minecraft) OpenAL initialized on device OpenAL Soft on Speakers (2- Scarlett 2i2 USB)
[15:39:57] [Render thread/INFO] (Minecraft) Sound engine started
[15:39:57] [Render thread/INFO] (Minecraft) Created: 512x256x0 minecraft:textures/atlas/particles.png-atlas
[15:39:57] [Render thread/INFO] (Minecraft) Created: 128x64x0 minecraft:textures/atlas/decorated_pot.png-atlas
[15:39:57] [Render thread/INFO] (Minecraft) Created: 2048x1024x0 minecraft:textures/atlas/armor_trims.png-atlas
[15:39:57] [Render thread/INFO] (Minecraft) Created: 512x256x0 minecraft:textures/atlas/paintings.png-atlas
[15:39:57] [Render thread/INFO] (Minecraft) Created: 512x512x0 minecraft:textures/atlas/shield_patterns.png-atlas
[15:39:57] [Render thread/INFO] (Minecraft) Created: 1024x512x4 minecraft:textures/atlas/blocks.png-atlas
[15:39:57] [Render thread/INFO] (Minecraft) Created: 512x256x0 minecraft:textures/atlas/chest.png-atlas
[15:39:57] [Render thread/INFO] (Minecraft) Created: 512x512x0 minecraft:textures/atlas/banner_patterns.png-atlas
[15:39:57] [Render thread/INFO] (Minecraft) Created: 512x256x0 minecraft:textures/atlas/beds.png-atlas
[15:39:57] [Render thread/INFO] (Minecraft) Created: 1024x512x0 minecraft:textures/atlas/gui.png-atlas
[15:39:57] [Render thread/INFO] (Minecraft) Created: 64x64x0 minecraft:textures/atlas/map_decorations.png-atlas
[15:39:57] [Render thread/INFO] (Minecraft) Created: 256x256x0 minecraft:textures/atlas/signs.png-atlas
[15:39:57] [Render thread/INFO] (Minecraft) Created: 512x256x0 minecraft:textures/atlas/shulker_boxes.png-atlas
[15:39:58] [IO-Worker-1/INFO] (Minecraft) Could not authorize you against Realms server: java.lang.RuntimeException: Failed to parse into SignedJWT: FabricMC
[15:39:58] [IO-Worker-1/ERROR] (Minecraft) Couldn't connect to realms
net.minecraft.client.realms.exception.RealmsServiceException: Realms authentication error with message 'java.lang.RuntimeException: Failed to parse into SignedJWT: FabricMC'
	at knot/net.minecraft.client.realms.RealmsClient.execute(RealmsClient.java:536) ~[minecraft-merged-42d054c137-1.21.10-net.fabricmc.yarn.1_21_10.1.21.10+build.1-v2.jar:?]
	at knot/net.minecraft.client.realms.RealmsClient.clientCompatible(RealmsClient.java:316) ~[minecraft-merged-42d054c137-1.21.10-net.fabricmc.yarn.1_21_10.1.21.10+build.1-v2.jar:?]
	at knot/net.minecraft.client.realms.RealmsAvailability.method_52627(RealmsAvailability.java:49) ~[minecraft-merged-42d054c137-1.21.10-net.fabricmc.yarn.1_21_10.1.21.10+build.1-v2.jar:?]
	at java.base/java.util.concurrent.CompletableFuture$AsyncSupply.run(CompletableFuture.java:1768) ~[?:?]
	at java.base/java.util.concurrent.ThreadPoolExecutor.runWorker(ThreadPoolExecutor.java:1144) ~[?:?]
	at java.base/java.util.concurrent.ThreadPoolExecutor$Worker.run(ThreadPoolExecutor.java:642) ~[?:?]
	at java.base/java.lang.Thread.run(Thread.java:1583) [?:?]
[15:40:03] [Render thread/INFO] (Minecraft) Loaded 1461 recipes
[15:40:03] [Render thread/INFO] (Minecraft) Loaded 1574 advancements
[15:40:03] [Render thread/INFO] (BiomeModificationImpl) Applied 0 biome modifications to 0 of 65 new biomes in 1.492 ms
[15:40:03] [Server thread/INFO] (Minecraft) Starting integrated minecraft server version 1.21.10
[15:40:03] [Server thread/INFO] (Minecraft) Generating keypair
[15:40:03] [Server thread/INFO] (Minecraft) Loading 0 persistent chunks...
[15:40:04] [Server thread/INFO] (Minecraft) Loading 49 chunks for player spawn...
[15:40:04] [Server thread/INFO] (Minecraft) Preparing spawn area: 16%
[15:40:04] [Server thread/INFO] (Minecraft) Preparing spawn area: 16%
[15:40:04] [Server thread/INFO] (Minecraft) Preparing spawn area: 16%
[15:40:05] [Server thread/INFO] (Minecraft) Time elapsed: 1325 ms
[15:40:05] [Server thread/INFO] (Minecraft) Player727[local:E:af4cb85b] logged in with entity id 93 at (37.30000001192093, 122.0, -35.44139295069737)
[15:40:05] [Server thread/INFO] (Minecraft) Player727 joined the game
[15:40:05] [Render thread/INFO] (Minecraft) Resizing Dynamic Transforms UBO, capacity limit of 2 reached during a single frame. New capacity will be 4.
[15:40:05] [Server thread/INFO] (Minecraft) Changing view distance to 12, from 10
[15:40:05] [Server thread/INFO] (Minecraft) Changing simulation distance to 12, from 0
[15:40:05] [Render thread/INFO] (Minecraft) Resizing Dynamic Transforms UBO, capacity limit of 4 reached during a single frame. New capacity will be 8.
[15:40:05] [Render thread/INFO] (Minecraft) Loaded 2 advancements
[15:40:06] [Render thread/INFO] (Minecraft) Resizing Dynamic Transforms UBO, capacity limit of 8 reached during a single frame. New capacity will be 16.
[15:40:06] [Render thread/INFO] (Minecraft) Resizing Dynamic Transforms UBO, capacity limit of 16 reached during a single frame. New capacity will be 32.
[15:40:06] [Render thread/INFO] (Minecraft) Resizing Dynamic Transforms UBO, capacity limit of 32 reached during a single frame. New capacity will be 64.
[15:40:06] [Render thread/INFO] (Minecraft) Resizing Dynamic Transforms UBO, capacity limit of 64 reached during a single frame. New capacity will be 128.
[15:40:06] [Render thread/INFO] (Minecraft) Resizing Dynamic Transforms UBO, capacity limit of 128 reached during a single frame. New capacity will be 256.
[15:40:06] [Render thread/INFO] (Minecraft) Resizing Dynamic Transforms UBO, capacity limit of 256 reached during a single frame. New capacity will be 512.
[15:40:07] [Render thread/INFO] (Minecraft) Resizing Dynamic Transforms UBO, capacity limit of 512 reached during a single frame. New capacity will be 1024.
[15:40:09] [Render thread/INFO] (Minecraft) Resizing Dynamic Transforms UBO, capacity limit of 1024 reached during a single frame. New capacity will be 2048.
[15:40:11] [Server thread/INFO] (Minecraft) Saving and pausing game...
[15:40:11] [Server thread/INFO] (Minecraft) Saving chunks for level 'ServerLevel[New World]'/minecraft:overworld
[15:40:11] [Server thread/INFO] (Minecraft) Saving chunks for level 'ServerLevel[New World]'/minecraft:the_end
[15:40:11] [Server thread/INFO] (Minecraft) Saving chunks for level 'ServerLevel[New World]'/minecraft:the_nether
[15:40:11] [Server thread/INFO] (Minecraft) Player727 lost connection: Disconnected
[15:40:11] [Server thread/INFO] (Minecraft) Player727 left the game
[15:40:11] [Server thread/INFO] (Minecraft) Stopping singleplayer server as player logged out
[15:40:11] [Server thread/INFO] (Minecraft) Stopping server
[15:40:11] [Server thread/INFO] (Minecraft) Saving players
[15:40:11] [Server thread/INFO] (Minecraft) Saving worlds
[15:40:12] [Server thread/INFO] (Minecraft) Saving chunks for level 'ServerLevel[New World]'/minecraft:overworld
[15:40:13] [Server thread/INFO] (Minecraft) Saving chunks for level 'ServerLevel[New World]'/minecraft:the_end
[15:40:13] [Server thread/INFO] (Minecraft) Saving chunks for level 'ServerLevel[New World]'/minecraft:the_nether
[15:40:14] [Server thread/INFO] (Minecraft) ThreadedAnvilChunkStorage (New World): All chunks are saved
[15:40:14] [Server thread/INFO] (Minecraft) ThreadedAnvilChunkStorage (DIM1): All chunks are saved
[15:40:14] [Server thread/INFO] (Minecraft) ThreadedAnvilChunkStorage (DIM-1): All chunks are saved
[15:40:14] [Server thread/INFO] (Minecraft) ThreadedAnvilChunkStorage: All dimensions are saved
[15:40:14] [Render thread/INFO] (Minecraft) Stopping!
